Determining if the pthread_create exist failed with the following output:
Change Dir: /home/tobias/Downloads/OpenDaVINCI-3.0.0/automotive/miniature/driver/build/CMakeFiles/CMakeTmp

Run Build Command:/usr/bin/make "cmTryCompileExec380991740/fast"
/usr/bin/make -f CMakeFiles/cmTryCompileExec380991740.dir/build.make CMakeFiles/cmTryCompileExec380991740.dir/build
make[1]: Entering directory `/home/tobias/Downloads/OpenDaVINCI-3.0.0/automotive/miniature/driver/build/CMakeFiles/CMakeTmp'
/usr/bin/cmake -E cmake_progress_report /home/tobias/Downloads/OpenDaVINCI-3.0.0/automotive/miniature/driver/build/CMakeFiles/CMakeTmp/CMakeFiles 1
Building C object CMakeFiles/cmTryCompileExec380991740.dir/CheckSymbolExists.c.o
/usr/bin/cc   -fPIC    -o CMakeFiles/cmTryCompileExec380991740.dir/CheckSymbolExists.c.o   -c /home/tobias/Downloads/OpenDaVINCI-3.0.0/automotive/miniature/driver/build/CMakeFiles/CMakeTmp/CheckSymbolExists.c
Linking C executable cmTryCompileExec380991740
/usr/bin/cmake -E cmake_link_script CMakeFiles/cmTryCompileExec380991740.dir/link.txt --verbose=1
/usr/bin/cc   -fPIC     CMakeFiles/cmTryCompileExec380991740.dir/CheckSymbolExists.c.o  -o cmTryCompileExec380991740 -rdynamic 
CMakeFiles/cmTryCompileExec380991740.dir/CheckSymbolExists.c.o: In function `main':
CheckSymbolExists.c:(.text+0x1b): undefined reference to `pthread_create'
collect2: error: ld returned 1 exit status
make[1]: *** [cmTryCompileExec380991740] Error 1
make[1]: Leaving directory `/home/tobias/Downloads/OpenDaVINCI-3.0.0/automotive/miniature/driver/build/CMakeFiles/CMakeTmp'
make: *** [cmTryCompileExec380991740/fast] Error 2

File /home/tobias/Downloads/OpenDaVINCI-3.0.0/automotive/miniature/driver/build/CMakeFiles/CMakeTmp/CheckSymbolExists.c:
/* */
#include <pthread.h>

int main(int argc, char** argv)
{
  (void)argv;
#ifndef pthread_create
  return ((int*)(&pthread_create))[argc];
#else
  (void)argc;
  return 0;
#endif
}

Determining if the function pthread_create exists in the pthreads failed with the following output:
Change Dir: /home/tobias/Downloads/OpenDaVINCI-3.0.0/automotive/miniature/driver/build/CMakeFiles/CMakeTmp

Run Build Command:/usr/bin/make "cmTryCompileExec2317538084/fast"
/usr/bin/make -f CMakeFiles/cmTryCompileExec2317538084.dir/build.make CMakeFiles/cmTryCompileExec2317538084.dir/build
make[1]: Entering directory `/home/tobias/Downloads/OpenDaVINCI-3.0.0/automotive/miniature/driver/build/CMakeFiles/CMakeTmp'
/usr/bin/cmake -E cmake_progress_report /home/tobias/Downloads/OpenDaVINCI-3.0.0/automotive/miniature/driver/build/CMakeFiles/CMakeTmp/CMakeFiles 1
Building C object CMakeFiles/cmTryCompileExec2317538084.dir/CheckFunctionExists.c.o
/usr/bin/cc   -fPIC -DCHECK_FUNCTION_EXISTS=pthread_create   -o CMakeFiles/cmTryCompileExec2317538084.dir/CheckFunctionExists.c.o   -c /usr/share/cmake-2.8/Modules/CheckFunctionExists.c
Linking C executable cmTryCompileExec2317538084
/usr/bin/cmake -E cmake_link_script CMakeFiles/cmTryCompileExec2317538084.dir/link.txt --verbose=1
/usr/bin/cc   -fPIC -DCHECK_FUNCTION_EXISTS=pthread_create    CMakeFiles/cmTryCompileExec2317538084.dir/CheckFunctionExists.c.o  -o cmTryCompileExec2317538084 -rdynamic -lpthreads 
/usr/bin/ld: cannot find -lpthreads
collect2: error: ld returned 1 exit status
make[1]: *** [cmTryCompileExec2317538084] Error 1
make[1]: Leaving directory `/home/tobias/Downloads/OpenDaVINCI-3.0.0/automotive/miniature/driver/build/CMakeFiles/CMakeTmp'
make: *** [cmTryCompileExec2317538084/fast] Error 2


