Determining if the pthread_create exist failed with the following output:
Change Dir: /home/kristiyan/OpenDaVINCI/automotive/miniature/overtaker/build/CMakeFiles/CMakeTmp

Run Build Command:"/usr/bin/make" "cmTryCompileExec3218284790/fast"
/usr/bin/make -f CMakeFiles/cmTryCompileExec3218284790.dir/build.make CMakeFiles/cmTryCompileExec3218284790.dir/build
make[1]: Entering directory `/home/kristiyan/OpenDaVINCI/automotive/miniature/overtaker/build/CMakeFiles/CMakeTmp'
/usr/bin/cmake -E cmake_progress_report /home/kristiyan/OpenDaVINCI/automotive/miniature/overtaker/build/CMakeFiles/CMakeTmp/CMakeFiles 1
Building C object CMakeFiles/cmTryCompileExec3218284790.dir/CheckSymbolExists.c.o
/usr/bin/cc   -fPIC    -o CMakeFiles/cmTryCompileExec3218284790.dir/CheckSymbolExists.c.o   -c /home/kristiyan/OpenDaVINCI/automotive/miniature/overtaker/build/CMakeFiles/CMakeTmp/CheckSymbolExists.c
Linking C executable cmTryCompileExec3218284790
/usr/bin/cmake -E cmake_link_script CMakeFiles/cmTryCompileExec3218284790.dir/link.txt --verbose=1
/usr/bin/cc   -fPIC     CMakeFiles/cmTryCompileExec3218284790.dir/CheckSymbolExists.c.o  -o cmTryCompileExec3218284790 -rdynamic 
CMakeFiles/cmTryCompileExec3218284790.dir/CheckSymbolExists.c.o: In function `main':
CheckSymbolExists.c:(.text+0x1b): undefined reference to `pthread_create'
collect2: error: ld returned 1 exit status
make[1]: *** [cmTryCompileExec3218284790] Error 1
make[1]: Leaving directory `/home/kristiyan/OpenDaVINCI/automotive/miniature/overtaker/build/CMakeFiles/CMakeTmp'
make: *** [cmTryCompileExec3218284790/fast] Error 2

File /home/kristiyan/OpenDaVINCI/automotive/miniature/overtaker/build/CMakeFiles/CMakeTmp/CheckSymbolExists.c:
/* */
#include <pthread.h>

int main(int argc, char** argv)
{
  (void)argv;
#ifndef pthread_create
  return ((int*)(&pthread_create))[argc];
#else
  (void)argc;
  return 0;
#endif
}

Determining if the function pthread_create exists in the pthreads failed with the following output:
Change Dir: /home/kristiyan/OpenDaVINCI/automotive/miniature/overtaker/build/CMakeFiles/CMakeTmp

Run Build Command:"/usr/bin/make" "cmTryCompileExec1285931430/fast"
/usr/bin/make -f CMakeFiles/cmTryCompileExec1285931430.dir/build.make CMakeFiles/cmTryCompileExec1285931430.dir/build
make[1]: Entering directory `/home/kristiyan/OpenDaVINCI/automotive/miniature/overtaker/build/CMakeFiles/CMakeTmp'
/usr/bin/cmake -E cmake_progress_report /home/kristiyan/OpenDaVINCI/automotive/miniature/overtaker/build/CMakeFiles/CMakeTmp/CMakeFiles 1
Building C object CMakeFiles/cmTryCompileExec1285931430.dir/CheckFunctionExists.c.o
/usr/bin/cc   -fPIC -DCHECK_FUNCTION_EXISTS=pthread_create   -o CMakeFiles/cmTryCompileExec1285931430.dir/CheckFunctionExists.c.o   -c /usr/share/cmake-3.2/Modules/CheckFunctionExists.c
Linking C executable cmTryCompileExec1285931430
/usr/bin/cmake -E cmake_link_script CMakeFiles/cmTryCompileExec1285931430.dir/link.txt --verbose=1
/usr/bin/cc   -fPIC -DCHECK_FUNCTION_EXISTS=pthread_create    CMakeFiles/cmTryCompileExec1285931430.dir/CheckFunctionExists.c.o  -o cmTryCompileExec1285931430 -rdynamic -lpthreads 
/usr/bin/ld: cannot find -lpthreads
collect2: error: ld returned 1 exit status
make[1]: *** [cmTryCompileExec1285931430] Error 1
make[1]: Leaving directory `/home/kristiyan/OpenDaVINCI/automotive/miniature/overtaker/build/CMakeFiles/CMakeTmp'
make: *** [cmTryCompileExec1285931430/fast] Error 2


