Determining if the pthread_create exist failed with the following output:
Change Dir: /home/danielle/OpenDaVINCI/automotive/miniature/sidewaysparker/build/CMakeFiles/CMakeTmp

Run Build Command:/usr/bin/make "cmTryCompileExec2145513870/fast"
/usr/bin/make -f CMakeFiles/cmTryCompileExec2145513870.dir/build.make CMakeFiles/cmTryCompileExec2145513870.dir/build
make[1]: Entering directory `/home/danielle/OpenDaVINCI/automotive/miniature/sidewaysparker/build/CMakeFiles/CMakeTmp'
/usr/bin/cmake -E cmake_progress_report /home/danielle/OpenDaVINCI/automotive/miniature/sidewaysparker/build/CMakeFiles/CMakeTmp/CMakeFiles 1
Building C object CMakeFiles/cmTryCompileExec2145513870.dir/CheckSymbolExists.c.o
/usr/bin/cc   -fPIC    -o CMakeFiles/cmTryCompileExec2145513870.dir/CheckSymbolExists.c.o   -c /home/danielle/OpenDaVINCI/automotive/miniature/sidewaysparker/build/CMakeFiles/CMakeTmp/CheckSymbolExists.c
Linking C executable cmTryCompileExec2145513870
/usr/bin/cmake -E cmake_link_script CMakeFiles/cmTryCompileExec2145513870.dir/link.txt --verbose=1
/usr/bin/cc   -fPIC     CMakeFiles/cmTryCompileExec2145513870.dir/CheckSymbolExists.c.o  -o cmTryCompileExec2145513870 -rdynamic 
CMakeFiles/cmTryCompileExec2145513870.dir/CheckSymbolExists.c.o: In function `main':
CheckSymbolExists.c:(.text+0x1b): undefined reference to `pthread_create'
collect2: error: ld returned 1 exit status
make[1]: Leaving directory `/home/danielle/OpenDaVINCI/automotive/miniature/sidewaysparker/build/CMakeFiles/CMakeTmp'
make[1]: *** [cmTryCompileExec2145513870] Error 1
make: *** [cmTryCompileExec2145513870/fast] Error 2

File /home/danielle/OpenDaVINCI/automotive/miniature/sidewaysparker/build/CMakeFiles/CMakeTmp/CheckSymbolExists.c:
/* */
#include <pthread.h>

int main(int argc, char** argv)
{
  (void)argv;
#ifndef pthread_create
  return ((int*)(&pthread_create))[argc];
#else
  (void)argc;
  return 0;
#endif
}

Determining if the function pthread_create exists in the pthreads failed with the following output:
Change Dir: /home/danielle/OpenDaVINCI/automotive/miniature/sidewaysparker/build/CMakeFiles/CMakeTmp

Run Build Command:/usr/bin/make "cmTryCompileExec28924237/fast"
/usr/bin/make -f CMakeFiles/cmTryCompileExec28924237.dir/build.make CMakeFiles/cmTryCompileExec28924237.dir/build
make[1]: Entering directory `/home/danielle/OpenDaVINCI/automotive/miniature/sidewaysparker/build/CMakeFiles/CMakeTmp'
/usr/bin/cmake -E cmake_progress_report /home/danielle/OpenDaVINCI/automotive/miniature/sidewaysparker/build/CMakeFiles/CMakeTmp/CMakeFiles 1
Building C object CMakeFiles/cmTryCompileExec28924237.dir/CheckFunctionExists.c.o
/usr/bin/cc   -fPIC -DCHECK_FUNCTION_EXISTS=pthread_create   -o CMakeFiles/cmTryCompileExec28924237.dir/CheckFunctionExists.c.o   -c /usr/share/cmake-2.8/Modules/CheckFunctionExists.c
Linking C executable cmTryCompileExec28924237
/usr/bin/cmake -E cmake_link_script CMakeFiles/cmTryCompileExec28924237.dir/link.txt --verbose=1
/usr/bin/cc   -fPIC -DCHECK_FUNCTION_EXISTS=pthread_create    CMakeFiles/cmTryCompileExec28924237.dir/CheckFunctionExists.c.o  -o cmTryCompileExec28924237 -rdynamic -lpthreads 
/usr/bin/ld: cannot find -lpthreads
collect2: error: ld returned 1 exit status
make[1]: *** [cmTryCompileExec28924237] Error 1
make[1]: Leaving directory `/home/danielle/OpenDaVINCI/automotive/miniature/sidewaysparker/build/CMakeFiles/CMakeTmp'
make: *** [cmTryCompileExec28924237/fast] Error 2


