Determining if the pthread_create exist failed with the following output:
Change Dir: /home/kristiyan/OpenDaVINCI/automotive/miniature/lanedetector/build/CMakeFiles/CMakeTmp

Run Build Command:"/usr/bin/make" "cmTryCompileExec3173196969/fast"
/usr/bin/make -f CMakeFiles/cmTryCompileExec3173196969.dir/build.make CMakeFiles/cmTryCompileExec3173196969.dir/build
make[1]: Entering directory `/home/kristiyan/OpenDaVINCI/automotive/miniature/lanedetector/build/CMakeFiles/CMakeTmp'
/usr/bin/cmake -E cmake_progress_report /home/kristiyan/OpenDaVINCI/automotive/miniature/lanedetector/build/CMakeFiles/CMakeTmp/CMakeFiles 1
Building C object CMakeFiles/cmTryCompileExec3173196969.dir/CheckSymbolExists.c.o
/usr/bin/cc   -fPIC    -o CMakeFiles/cmTryCompileExec3173196969.dir/CheckSymbolExists.c.o   -c /home/kristiyan/OpenDaVINCI/automotive/miniature/lanedetector/build/CMakeFiles/CMakeTmp/CheckSymbolExists.c
Linking C executable cmTryCompileExec3173196969
/usr/bin/cmake -E cmake_link_script CMakeFiles/cmTryCompileExec3173196969.dir/link.txt --verbose=1
/usr/bin/cc   -fPIC     CMakeFiles/cmTryCompileExec3173196969.dir/CheckSymbolExists.c.o  -o cmTryCompileExec3173196969 -rdynamic 
CMakeFiles/cmTryCompileExec3173196969.dir/CheckSymbolExists.c.o: In function `main':
CheckSymbolExists.c:(.text+0x1b): undefined reference to `pthread_create'
collect2: error: ld returned 1 exit status
make[1]: *** [cmTryCompileExec3173196969] Error 1
make[1]: Leaving directory `/home/kristiyan/OpenDaVINCI/automotive/miniature/lanedetector/build/CMakeFiles/CMakeTmp'
make: *** [cmTryCompileExec3173196969/fast] Error 2

File /home/kristiyan/OpenDaVINCI/automotive/miniature/lanedetector/build/CMakeFiles/CMakeTmp/CheckSymbolExists.c:
/* */
#include <pthread.h>

int main(int argc, char** argv)
{
  (void)argv;
#ifndef pthread_create
  return ((int*)(&pthread_create))[argc];
#else
  (void)argc;
  return 0;
#endif
}

Determining if the function pthread_create exists in the pthreads failed with the following output:
Change Dir: /home/kristiyan/OpenDaVINCI/automotive/miniature/lanedetector/build/CMakeFiles/CMakeTmp

Run Build Command:"/usr/bin/make" "cmTryCompileExec619863151/fast"
/usr/bin/make -f CMakeFiles/cmTryCompileExec619863151.dir/build.make CMakeFiles/cmTryCompileExec619863151.dir/build
make[1]: Entering directory `/home/kristiyan/OpenDaVINCI/automotive/miniature/lanedetector/build/CMakeFiles/CMakeTmp'
/usr/bin/cmake -E cmake_progress_report /home/kristiyan/OpenDaVINCI/automotive/miniature/lanedetector/build/CMakeFiles/CMakeTmp/CMakeFiles 1
Building C object CMakeFiles/cmTryCompileExec619863151.dir/CheckFunctionExists.c.o
/usr/bin/cc   -fPIC -DCHECK_FUNCTION_EXISTS=pthread_create   -o CMakeFiles/cmTryCompileExec619863151.dir/CheckFunctionExists.c.o   -c /usr/share/cmake-3.2/Modules/CheckFunctionExists.c
Linking C executable cmTryCompileExec619863151
/usr/bin/cmake -E cmake_link_script CMakeFiles/cmTryCompileExec619863151.dir/link.txt --verbose=1
/usr/bin/cc   -fPIC -DCHECK_FUNCTION_EXISTS=pthread_create    CMakeFiles/cmTryCompileExec619863151.dir/CheckFunctionExists.c.o  -o cmTryCompileExec619863151 -rdynamic -lpthreads 
/usr/bin/ld: cannot find -lpthreads
collect2: error: ld returned 1 exit status
make[1]: *** [cmTryCompileExec619863151] Error 1
make[1]: Leaving directory `/home/kristiyan/OpenDaVINCI/automotive/miniature/lanedetector/build/CMakeFiles/CMakeTmp'
make: *** [cmTryCompileExec619863151/fast] Error 2


